0 info it worked if it ends with ok
1 verbose cli [ 'node', '/usr/local/bin/npm', 'install', '0.10' ]
2 info using npm@1.4.3
3 info using node@v0.10.26
4 verbose cache add [ '0.10', null ]
5 verbose cache add name=undefined spec="0.10" args=["0.10",null]
6 verbose parsed url { protocol: null,
6 verbose parsed url   slashes: null,
6 verbose parsed url   auth: null,
6 verbose parsed url   host: null,
6 verbose parsed url   port: null,
6 verbose parsed url   hostname: null,
6 verbose parsed url   hash: null,
6 verbose parsed url   search: null,
6 verbose parsed url   query: null,
6 verbose parsed url   pathname: '0.10',
6 verbose parsed url   path: '0.10',
6 verbose parsed url   href: '0.10' }
7 silly lockFile 3811b2a1-0-10 0.10
8 verbose lock 0.10 /Users/katiebrasfield/.npm/3811b2a1-0-10.lock
9 silly lockFile 3811b2a1-0-10 0.10
10 silly lockFile 3811b2a1-0-10 0.10
11 verbose addNamed [ '0.10', '' ]
12 verbose addNamed [ null, '*' ]
13 silly lockFile fe1b6af4-0-10 0.10@
14 verbose lock 0.10@ /Users/katiebrasfield/.npm/fe1b6af4-0-10.lock
15 silly addNameRange { name: '0.10', range: '*', hasData: false }
16 verbose url raw 0.10
17 verbose url resolving [ 'https://registry.npmjs.org/', './0.10' ]
18 verbose url resolved https://registry.npmjs.org/0.10
19 info trying registry request attempt 1 at 22:11:57
20 http GET https://registry.npmjs.org/0.10
21 http 404 https://registry.npmjs.org/0.10
22 silly registry.get cb [ 404,
22 silly registry.get   { date: 'Thu, 12 Jun 2014 05:11:58 GMT',
22 silly registry.get     server: 'CouchDB/1.5.0 (Erlang OTP/R16B03)',
22 silly registry.get     'content-type': 'application/json',
22 silly registry.get     via: '1.1 varnish',
22 silly registry.get     'cache-control': 'max-age=0',
22 silly registry.get     'content-length': '52',
22 silly registry.get     'accept-ranges': 'bytes',
22 silly registry.get     age: '0',
22 silly registry.get     'x-served-by': 'cache-sv63-SJC3, cache-lax1420-LAX',
22 silly registry.get     'x-cache': 'MISS, MISS',
22 silly registry.get     'x-cache-hits': '0, 0',
22 silly registry.get     'x-timer': 'S1402549918.101054,VS0,VE53',
22 silly registry.get     'keep-alive': 'timeout=10, max=50',
22 silly registry.get     connection: 'Keep-Alive' } ]
23 silly lockFile fe1b6af4-0-10 0.10@
24 silly lockFile fe1b6af4-0-10 0.10@
25 error 404 '0.10' is not in the npm registry.
25 error 404 You should bug the author to publish it
25 error 404
25 error 404 Note that you can also install from a
25 error 404 tarball, folder, or http url, or git url.
26 error System Darwin 13.1.0
27 error command "node" "/usr/local/bin/npm" "install" "0.10"
28 error cwd /Users/katiebrasfield/Desktop/data-structures/lib
29 error node -v v0.10.26
30 error npm -v 1.4.3
31 error code E404
32 verbose exit [ 1, true ]
